生成启动时间为 2015-4-27 10:06:59。
     1>项目“D:\360Downloads\VC项目\countbitdiff\countbitdiff\countbitdiff.vcxproj”在节点 2 上(build 个目标)。
     1>InitializeBuildStatus:
         正在创建“Debug\countbitdiff.unsuccessfulbuild”，因为已指定“AlwaysCreate”。
       ClCompile:
         F:\VC++2010\VC\bin\CL.exe /c /ZI /nologo /W3 /WX- /Od /Oy- /D WIN32 /D _DEBUG /D _CONSOLE /D _UNICODE /D UNICODE /Gm /EHsc /RTC1 /MDd /GS /fp:precise /Zc:wchar_t /Zc:forScope /Fo"Debug\\" /Fd"Debug\vc100.pdb" /Gd /TP /analyze- /errorReport:prompt countdiff.cpp
         countdiff.cpp
       ManifestResourceCompile:
         所有输出均为最新。
       Link:
         F:\VC++2010\VC\bin\link.exe /ERRORREPORT:PROMPT /OUT:"D:\360Downloads\VC项目\countbitdiff\Debug\countbitdiff.exe" /INCREMENTAL /NOLOGO kernel32.lib user32.lib gdi32.lib winspool.lib comdlg32.lib advapi32.lib shell32.lib ole32.lib oleaut32.lib uuid.lib odbc32.lib odbccp32.lib /MANIFEST /ManifestFile:"Debug\countbitdiff.exe.intermediate.manifest" /MANIFESTUAC:"level='asInvoker' uiAccess='false'" /DEBUG /PDB:"D:\360Downloads\VC项目\countbitdiff\Debug\countbitdiff.pdb" /SUBSYSTEM:CONSOLE /TLBID:1 /DYNAMICBASE /NXCOMPAT /IMPLIB:"D:\360Downloads\VC项目\countbitdiff\Debug\countbitdiff.lib" /MACHINE:X86 Debug\countbitdiff.exe.embed.manifest.res
         Debug\countdiff.obj
       Manifest:
         C:\Program Files\Microsoft SDKs\Windows\v7.0A\bin\mt.exe /nologo /verbose /out:"Debug\countbitdiff.exe.embed.manifest" /manifest Debug\countbitdiff.exe.intermediate.manifest
         所有输出均为最新。
       LinkEmbedManifest:
         所有输出均为最新。
         countbitdiff.vcxproj -> D:\360Downloads\VC项目\countbitdiff\Debug\countbitdiff.exe
       FinalizeBuildStatus:
         正在删除文件“Debug\countbitdiff.unsuccessfulbuild”。
         正在对“Debug\countbitdiff.lastbuildstate”执行 Touch 任务。
     1>已完成生成项目“D:\360Downloads\VC项目\countbitdiff\countbitdiff\countbitdiff.vcxproj”(build 个目标)的操作。

生成成功。

已用时间 00:00:01.28
